2018-02-12 00:43:21,+249121681093,Text,C8,1666
2018-02-12 12:53:15,+249122445865,Binary,06270644062E064A062706310020063106420645002000310020062706440634062706320644064A00200627062806480632064A062F0020062706440637064A062800200645062D0645062F,1653
2018-02-12 13:05:39,+249928135571,Binary,062706440633064406270645002006390644064A064306450020002E002E,2944
2018-02-12 13:16:50,+249993455032,Binary,0627064606270020064606480631002006270644062F064A06460020063106450627062D00200628062D062800200628064A0628064A0020062C062F062700200645064506430646002006230639063106410020064506390646064A0020062706330645064A,2944
2018-02-12 13:21:57,+249998808671,Binary,0645063506370641064A00200648064506220628002006480645062206310628002006480645062A06270628002006480644062F064600200645064600200627064406330648062F06270646002006280646062D062800200637064A06480631002006270644062C0646064700200643062A064A063100200643062A064A0631,2944
2018-02-12 13:23:10,+249990355415,Binary,050003330201064A06330639062F00200646064706270631064306450020063906450648002006270646062700200627064506270633064A00200645064600200627064406330648062F06270646000A064A062700200627064406440647002006390020062706440627064606270634064A062F002006270644062C062F064A062F06470020064506270020,2944
2018-02-12 13:23:12,+249990355415,Binary,050003330202063406270621002006270644064406470020064306440647062700200631064806390647002006310628064A0020064A06480641064206430645,2944
2018-02-12 13:24:38,+249921010034,Binary,0647062706270627064A002006270646062700200645064A06330627062100200645064600200627064406330648062F0627064600200628062D06280643064500200643062A064A0631002006340648002006450639064606490020062706330645064A00200648064306450020063906450631064A00200031060C0031060C0032003000300031,2944
2018-02-12 13:38:27,+249122665778,Text,3*,1668
2018-02-12 13:40:01,+249923348730,Binary,0500036B0201062C062F06480643064A064106430028066206600660002906230634062A0642062A06440643002806640668002906450624064506460028066906690029062C0646064900280669066900290632064A0646062800280669066900290628063106270621002806690669002906280627063306440028066906690029062C0627062F00260625,2944
2018-02-12 13:49:01,+249922271473,Binary,0500030502010637064A0648063106270644062C064606290020002006390644062700200645063506370641064A0020002006480647064A062706450020002000200645063506370641064A0020002006450646002000200627064406330648062F06270646002006280646062D06280643064500200643062A064A06310020064806440639002006270644,2944
2018-02-12 13:49:04,+249922271473,Binary,05000305020206340627063406290020,2944
2018-02-12 14:01:41,+249998363189,Binary,06270646062700200645062D0645062F00200628062D062800200637064A0648063100200628064A064A064A002006450645064306460020062A062D063306280020063906450631064A00320039002F0037002F0032003000310037,2944
2018-02-12 14:01:41,+249930701626,Binary,0500032302010623064606270020064806360627062D0020064806230641064606270646002006280646062D062800200637064A06480631002006270644062C064606470020064806280646062D062800200643062A064A06310020062D0628064806280629002006230645064A0629002006480625062E06440627063500200648062C062F064800200628,2944
2018-02-12 14:08:51,+249990910374,Binary,050003DC0202DE1AD83DDE1A0648062A062D064A064700200644064A002006450627064506270020064806280627062806270020,2944
2018-02-12 14:08:55,+249990910374,Binary,050003DC02010628064A0628064A002006230646062700200644064A06270646002006390641064A064100200645064600200627064406330648062F0627064600200628062D06280020064206460627062A0643064500200627064406390645064406270642064700200648062A062D064A064700200644064A064306450020D83DDD0A0020D83DDE1AD83D,2944
2018-02-12 15:01:53,+249999574768,Binary,062706460627002006450631064A064500200627064406350627062F064200200645064600200627064406330648062F0627064600200628062D06280643064500200643062A064A06310020062706460627002006480627062E062A064A002006450644062706300020,2944
2018-02-12 15:16:52,+249922571613,Binary,06450631062D0628062700200627064606270020062306330645064A002006230645062C062F00200628062D06280643064500200643062A064A063100200020064806440639002006270644063406270634062900200628062706330645064A0020064806230631064A062F002006450639064606490020062706330645064A,2944
2018-02-12 15:18:37,+249117058046,Text,You have received 4.80 SDG from 0909379296. Your new balance is 204.41 SDG.service fee is 0.20,1653
2018-02-12 15:26:49,+249925995920,Text,


,2944
2018-02-12 15:28:16,+249927665259,Binary,0637064A064806310628064A0628064A0020062706460627063406320631064806270646002006410631064A062F00200645064600200627064406330648062F0627064600200628062D062800200637064A064806310628064A0628064A002E06450627064506390646064A0020062706330645064A0020,2944
2018-02-12 15:34:12,+249925995920,Binary,0500036103030637064A06480631002006270644062C0646062900200641062E0631002006270644062A0645064A0632002006480627064406270628062F06270639,2944
2018-02-12 15:34:17,+249925995920,Binary,0500036103020643064500200643062A064A064A064A0631D83DDC95D83DDC95D83DDC950643064400200639062706450020064806270646062A00200628062E064A06310020064A062700200637064A06480631002006270644062C06460629002006480644063900200627064406340627062A00200628062706330645064A00200648062B0628062A0020,2944
2018-02-12 15:38:42,+249995711616,Binary,063906450648002006480627064406440647002006450634062A06270642064A064600200645063106290020063906310641062A0646064A002006440645062706340641062A0020062706440631064206450020062F06450639062A00200639064A0646064A0020064806270644064406470020002F0627064406270621,2944
2018-02-12 15:42:57,+249998540713,Binary,064506330627002006270644062E064A0631002006390645062400200643064400200639062706450020064806270646062A064800200628062E064A06310020002E002E002006410637064806450629002006270644064506350631064A06470028003600340029002006390628064A06310028003200380029,2944
2018-02-12 15:52:49,+249922958100,Binary,0627064606270020062C06480644064A0020064806390633062C062F00200645064600200627064406330648062F06270646002006280646063306440645002006390644064A064306450020064806280646062D06280643064500200643062A064A064A064A064A064A064A0631,2944
2018-02-12 15:55:39,+249924595415,Binary,05000334020106270646062700200639062B0645062706460020063906280627062F064A00200645064600200627064406330648062F0627064600200628062C06280020064506270645062706480628062706280627002006480637064A064806310628064A0628064A00200643062B064A06310643062B064A063100200648064406390020062706440634,2944
2018-02-12 15:55:43,+249924595415,Binary,05000334020206270634064700200628062706330645064A0020064A0627063906450648002E002E002E,2944
2018-02-12 15:56:21,+249929309618,Binary,050003D902010637064A064806310020002000200020000A06390645064800200643064A0641064300200627062E0628062706310643002006480635062D062A0643002006270646062700200646062F0627062100200639064806360020062706440633064A062F00200645064600200627064406330648062F0627064600200645062F064A064606290020,2944
2018-02-12 15:56:25,+249929309618,Binary,050003D9020206340646062F064A00200627064606270634064A062F06430645002006270644062C062F064A062F06470020062D06440648064700200643062A064A064A064A064A06310020062A0633064406450648064806480020D83DDE18,2944
2018-02-12 15:58:08,+249995295120,Binary,050003A90201062706440633064406270645002006390644064A06430645002006480631062D0645064700200627064406440647002006270646062700200627064406310636064A064700200645064600200627064406330648062F0627064600200628063306440645002006390644064A064306450020064806310628064A0020064A0648064106420643,2944
2018-02-12 15:58:11,+249995295120,Binary,050003A9020206450020062A062D064A0627062A064A002006270644064A0020062C0646064A002006270644063906330644002006450645064306460020064506390646064A0020062706330645064A00200648063906450631064A0020064A0648064500310020063406470631002000380020063300200031003900390035,2944
2018-02-12 16:00:26,+249924326294,Binary,050003000201062706440633064406270645002006390644064A06430645002006430646062A0631064806440020003A002D0029002006270646062700200628062D06280643064500200634062F064A062F002006270646062700200645064600200627064406330648062F0627064600200645064506430646002006450639064606490020062706330645,2944
2018-02-12 16:00:29,+249924326294,Binary,05000300020206260020062A0647062C062F,2944
2018-02-12 16:01:40,+249927305396,Binary,0637064A0648063100200623062D06280643064500200643062A064A0631002006230646062700200645064600200627064406330648062F062706460020064506450643064600200645063906460649002006250633064500200646064A06310633,2944
2018-02-12 16:07:18,+249927305396,Binary,050003E402010637064A06480631002006270644062C06460629002006230646062700200645064600200627064406330648062F0627064600200623062D06280643064500200643062A064A06310020064506450643064600200645063906460649002006250633064500200646064A06310633002006480644063900200627064406340627063406290020,2944
2018-02-12 16:07:20,+249927305396,Binary,050003E4020206280627063306450649,2944
2018-02-12 16:19:27,+249929789727,Binary,0500030902020628064A0020062C064806470631062900200627064406330648062F062706460020007B0634064806340648007D06480644063900200639063206480632002006480020064506270628002006480627064606480633063306330633064A002006480645062706450627002006270645064606470020,2944
2018-02-12 16:24:58,+249922510740,Binary,050003C302010628064A0628064A00200623062D0644062700200020062A062D064A0647002006440623062D06440627002006430646062A06310648064400200646062D064600200627062D0645062F0020064806450627064506270020062506430633064A0631002000200645064600200627064406330648062F06270646002006280646062D06280020,2944
2018-02-12 16:31:52,+249927099595,Binary,0500033F02010646062D064600200645064A06270631002006480020063906480636002000200648063306270645064A002006480644064A062F00200641063206270631064A00200645064600200627064406330648062F0627064600200646062D06280020064206460627062A0643064500200627064406310627064A0639064700200645062706450639,2944
2018-02-12 16:31:55,+249927099595,Binary,0500033F02020646064A002006270633064500200645064A062706310020,2944
2018-02-12 16:33:59,+249922287831,Binary,050003290201062706460627002006480641062706420020062306460633002006420631064A06280020062706440644064700200645064600200627064406330648062F0627064600200628062D062800200637064A0648063106270644062C064606470020064A06270631064A062A0020062A064806440639064806270020062706440634062706340647,2944
2018-02-12 16:49:41,+249994182313,Binary,05000305020106330644062706450020064206460627062900200628064A0628064A002006270646062700200623063306270648063100200648062E06270644062F0020064806390628062F0627064406420627062F06310645064600200627064406330648062F06270646002006270644062D06350627062D064A06350627002006280646063906340642,2944
2018-02-12 16:52:03,+249992752790,Binary,050003D002010627064406330640064006400640064006400640064006440627064500200639064406400640064006400640064A0643064500200643064A06400640064106430020063906450648002000280020003200300030002000290627064606270020062706450646064006400640064A064700200645064600200627064406330640064006400640,2944
2018-02-12 16:53:39,+249993326647,Binary,0500031B02020627064506400640064006240640062406460640064A06400640064006470640062906400629005F002E002D002A002D002E005F00280031003000380029005F002E002D002A002D002E005F,2944
2018-02-12 16:53:42,+249993326647,Binary,0500031B020106390645064006480020062B0628062A0020005F002E002D002A002D002E005F00280031003000380029005F002E002D002A002D002E005F064A064E0640064006220640062706330640064506400640064A064006400646005F002E002D002A002D002E005F0028003900340029005F002E002D002A002D002E005F06270644064006400627,2944
2018-02-12 16:54:40,+249993326647,Binary,062706440633064406270645002006390644064A0643064500200643064A0641064300200639064506480648002006270634062A0642062A064406430645002006270643062A064A064006400631002800320030003000290627062A063006430631062A0646064A00200627064606270020064A062706330645064A06460028003700310029,2944
2018-02-12 17:00:01,+249922795302,Binary,050003D102020020064806270644062C064606290643062A064A063100200645064506430646002006450639064606270020062706330645064A06460627002006480648064406390020062706440634062706340629,2944
2018-02-12 17:03:29,+249925966952,Binary,050003C70202063306280020063906450631064A002000320032002F0036002F0032003000310037,2944
2018-02-12 17:08:45,+249928061580,Binary,0500034502010637064A06480631002006270644062C064606470020002E0627064606270020063306270645064A062900200645064600200627064406330648062F062706460020002E06270646062700200648062806460627062A00200627062E062A064A0020002E0631064A06450020002E06220645062706440020002E062A063306270628064A062D,2944
2018-02-12 17:14:29,+249995711616,Binary,0639064506480028003100300035002906480627064406440647002006450634062A06270642064A0646002F0627064406270621,2944
2018-02-12 17:18:09,+249993326647,Binary,06390645064800200644064A063400200627064406340628064306470020062A0627062E063100200627064406450633062C0627062A00200647064A064300280036003500290020062706390631063606470645002800360035002906270644063406340628064306470028003100300035002900280031003000350029,2944
2018-02-12 17:22:30,+249992282616,Binary,0637064A0648063100200627064406440647002006430628064A06310020064A0020062D06280627064A062800200631062D00200646062A0644062706420649002006330648062700200028003600350029002E002E002006480645063606290020063206430631064A0640006D06400627062A00200028003200380029,2944
2018-02-12 17:24:14,+249992752790,Binary,062706440633064406270645002006390644064A0643064500200627064606270020062706450646064A064700200645064600200627064406330648062F06270646,2944
2018-02-12 17:30:45,+249999564999,Binary,06450631062D06280627002006270646062700200627064A064700200645064600200627064406330648062F0627064600200627062D062806430645002006270643062B06310020064506460020062D064A0627062A064A002006450645064306460020062A06480644063900200628062706330645064A,2944
2018-02-12 17:37:40,+249992308900,Binary,0637064A06480631002006450633062706210020062706440037003100370031002006440627062D0644064A002006420646062706470020062806270644064806370646002006270644063906310628064A0020,2944
2018-02-12 17:40:24,+249929327864,Binary,0500032C02010627064606270020063306480633064800200020063906270637064100200639064A0633064A00200645064600200627064406330648062F0627064600200628062D062800200637064A064806310020002006270644062C0646064700200643062A064A06310020002E00200648064406390648062700200020062706330645064A00200639,2944
2018-02-12 17:40:27,+249929327864,Binary,0500032C02020020062706440634062706340647,2944
2018-02-12 17:41:53,+249999808336,Binary,0500037C0202064506390646064A0020062706330645062706210646062700200648064806440639002006270644063406270634064700200628064A06470645D83DDE0A,2944
2018-02-12 17:41:57,+249999808336,Binary,0500037C020106270646062700200645062D0645062F0020062C0644062706440020064806460633064506470020062C06440627064400200645064600200627064406330648062F06270646002006280646062D062800200645062706450627002006480628062706280627002006480637064A06480631002006270644062C064606470020063406480020,2944
2018-02-12 17:43:53,+249995487975,Binary,050003FD020106270646062700200628062706280643063100200639062706450631002006480627062E062A064A002000200645062A0627062800200645064600200627064406330648062F062706460020002006280646062D062800200637064A06480631002006270644062C06460629002000200648062C0646064A00200648062C0627062F00200648,2944
2018-02-12 17:43:54,+249995487975,Binary,050003FD02020627064A0627062F002006280646062D062800200628062706280627002006480645062706450627,2944
2018-02-12 17:47:55,+249990198201,Binary,05000362030106450631062D0628062700200627064606270020063306270631062900200645064600200627064406330648062F062706460020064806270646062700200628062D062800200637064A06480631002006270644062C0646062900200643062A064A064A064A064A064A064A064A064A064A064A0631002006480628062A0645064606270020,2944
2018-02-12 18:43:22,+249991304109,Binary,0645062C062A0628064A0020064806450639062A0632062E06270644062F063306270644064500200645064600200645062F0646064A0020062706450020063306460637002006280646062D06280643064500200643062A064A0631,2944
2018-02-12 18:48:46,+249926117531,Binary,050003530202062E063106410020002006480627062D063306280031003900390038002F0035002F00320037002006480648064406390020062706330645064A002006340643063106270020002E002E002E,2944
2018-02-12 18:48:49,+249926117531,Binary,05000353020106450631062D0628062700200639064506480020062B0628062A002000280631064A06270646002006450644064306470020062C06450627064400200627064406330648062F0627064600290648062D0637002006390644064500200627064406330648062F0627064600200628002006270644062706370631062706410020064800200632,2944
2018-02-12 18:54:31,+249925542433,Binary,0500035E020206440637064A0628002006280646062D062800200637064A06480631002006270644062C0646064700200643062A064A064A064A064A064A06310020,2944
2018-02-12 18:54:39,+249925542433,Binary,0500035E0201062D06280627064A06280646062700200637064A06480631002006270644062C064606470020062706440633064406270645002006390644064A064306450020002E002E0645064600200627064406330648062F06270646002006390644064A002006480627064506270645064700200645063506370641064A002006390644064A00200627,2944
2018-02-12 19:06:01,+249926088890,Binary,06270646062700200645062D0645062F0020064506390627063000200645064600200627064406330648062F0627064600200628062D062800200637064A0648063100200628064A0628064A002006430640064006400640062A064006400640064006400640064A0640064006400640064006310020,2944
2018-02-12 19:06:41,+249124009776,Binary,062706440627062C0627062806470020063106420645002006480627062D062F0020062E06270644062F002006390628062F0627064406450627062C062F0020062D064406410627002006270644062C062F064A062F0647,1653
2018-02-12 19:07:14,+249997381042,Binary,050003E10202062B064A063100200646062D064600200645064600200627064406330648062F06270646002006480646062D062800200645062406450646002006270644062C064606270646064A,2944
2018-02-12 19:07:17,+249997381042,Binary,050003E102010645063306270621002006270644062E064A063100200637064A06480631002006270644062C0646064700200627064606270020062A0628062A06440020064806450634062706390644002006480631064A062A06270644002006480636062D064A002006280646062D062800200637064A06480631002006270644062C0646064700200643,2944
2018-02-12 19:11:03,+249997933005,Binary,0637064A0648063100200646062D064606270020063106270648064A06470020064806390628062F0627064406430631064A0645002006280646062D06280643064500200643062A064A064A064A0631002006480644063900200627064406340627062A002006280627063306270645064A06460627,2944
2018-02-12 19:13:05,+249922571613,Binary,06450631062D0628062700200623064606270020062306330645064A002006230645062C062F00200628062D06280643064500200643062A064A0631000A064806440639002006270644063406270634062900200628062706330645064A0020064806230631064A062F002006450639064606490020062706330645064A,2944
2018-02-12 19:14:14,+249990499498,Binary,0628064A0628064A00200633064406270645002006390644064A0643064500200645064406270643002006480645062D0645062F002006480645063506370641064A00200645064600200627064406330648062F062706460020064A062D064A064A06430645002006280646062D06280643064500200643062A064A06310020,2944
2018-02-12 19:15:46,+249926088890,Binary,0500032202010628064A0628064A000A06270646062700200645062D0645062F0020064506390627063000200645064600200627064406330648062F0627064600200628062D062800200637064A0648063100200628064A0628064A00200643064006400640062A064006400640064A0640064006400631002006480627062D063306280020063906450631,2944
2018-02-12 19:21:09,+249998917873,Binary,050003E702020631064A0033002F0038002F003200300031003700200648064506270020064506390646064A00200627063306450020062F06270644064A0646002006480634064306310627,2944
2018-02-12 19:21:11,+249998917873,Binary,050003E7020100200628064A0628064A0020062706440633064406270645002006390644064A06430645002006270646062700200627062D0645062F00200645062D0645062F00200627062D0645062F00200627062D062800200637064A0648063100200628064A0628064A00200648064A062700200631064A062A0020062A062D06330628002006390645,2944
2018-02-12 19:22:45,+249996152802,Binary,06450631062D0628062700200637064A06480631002006270644062C06460629002006270646062700200627064406350627062F064200200627064406460648063106270646064A00200627062D0628002006450624064506460020,2944
2018-02-12 19:25:43,+249997808321,Binary,062706460627002006440645064A063300200645064600200627064406330648062F0627064600200628062D06280643064500200643062A064A063100200628062D0628002006270639063106410020064506390646064A0020062706330645064A00200648064306450020063906450631064A06610662002F0665002F0662066006610666,2944
2018-02-12 19:30:27,+249920646059,Binary,0500034B0201005B002A002A002A062706460627062E062F064A062C0647002000200645064600200627064406330648062F0627064600200627064606270628062D062800200637064A0648063106270644062C0646064700200643062A062A062A062A062A063100200643064800200646062A063106480644002006480644063900200627064406340627,2944
2018-02-12 19:33:23,+249924754398,Binary,0628064A0628064A002006450645064306460020062A062D063306280020063906450631064A0020003200370020002F00320020002F00200032003000300033,2944
2018-02-12 19:37:01,+249111351046,Binary,063506440627062D00200628062E064A062A0020062706440646064806310020002E002E062706440645064606270642064400200029062706440623062C062706280629002006310642064500200033002006310643064406290020063106430646064A06290028,1653
2018-02-12 19:39:40,+249997381042,Binary,0645063306270621002006270644062E064A0631002006270646062700200645064600200627064406330648062F06270646002006270633064506490020062A0628062A06440020064800200631064A062A0627064400200646062D062800200637064A06480631002006270644062C064606290020,2944
2018-02-12 19:41:25,+249920461452,Binary,062C062F0648064706270627064A002006480645064A062906470627064A0020062B0628062A00200634064A0645062706210645064406430629062706440647062F064806210645062F06480632062E06310641,2944
2018-02-12 19:42:32,+249997381042,Binary,050003E202020627064A06460647,2944
2018-02-12 19:50:59,+249926588727,Binary,064506330627062106270644062E064A063106390627064A063206270639063106410020064506390646064A0020062706330645002006270633064406270645,2944
2018-02-12 19:51:33,+249922989784,Binary,0500031B0201062D06310645002006480645062D0645062F0020062706440645062C062A06280649002006480631064A062706460020062D0645064A062F064700200628062706280643063100200646062D062800200637064A0648063100200628064A062806490020002006480639064506480020062E06270644062F002F002006450646002006270644,2944
2018-02-12 19:51:36,+249922989784,Binary,0500031B020206330648062F0627064600200648064406390020062806270633064506270626064606270020062706440634062706340647,2944
2018-02-12 19:54:29,+249995757408,Binary,06450631062D0628062700200627064606270020063906270631064100200645064600200627064406330648062F0627064600200628062D062800200637064A0648063100200628064A0628064A,2944
2018-02-12 19:55:30,+249991598127,Binary,0500030102010637064A064806310020062706440627062C06460647002006270646062700200639064506310648002006270645064A063100200628062D062800200637064A06480631002006270644062C0646064700200627062D063306280020063906450631064A00350634064706310035063306460647003200300031003600200648064406390020,2944
2018-02-12 19:55:33,+249991598127,Binary,05000301020206270644063406270634064700200628062706330645064A0020,2944
2018-02-12 20:28:15,+249999057444,Binary,0500034B02020646062D06280020064506270645062700200648062806270628062700200648064406390020062706440634062706340647002006280623063306270645064A06460627,2944
2018-02-12 20:33:31,+249991008705,Binary,0500038802010633064406270645002006390644064A0643064500200627064606270020062A06270644064A0646002006480627062D0645062F002006390628062F0020062706440645062D06450648062F00200645064600200627064406330648062F06270646002006280646062D062800200637064A0648063100200628064A0628064A002006450645,2944
2018-02-12 20:33:34,+249991008705,Binary,0500038802020643064600200627063A0646064A06290020062C062D0627,2944
2018-02-12 20:36:22,+249927456501,Binary,062706440633064406270645002006390644064A064306450020062706460627062E06270644062F002006480623062D06440627064500200627064A06450646002006390644064A002006280646062D062800200637064A06480631002006270644062C0646064700200643062A064A064A064A063100200648063406430631062700200644064306450020,2944
2018-02-12 20:48:22,+249999931949,Binary,062306460627002006230645002006470648,2944
2018-02-12 20:49:34,+249999057444,Binary,0500034C02020646062D06280020064506270645062700200648062806270628062700200648064406390020062706440634062706340647002006280623063306270645064A06460627,2944
2018-02-12 20:49:39,+249999057444,Binary,0500034C0201062706460627002006230644064200200623062D0645062F00200648062206410627064200200623062D0645062F00200645064600200627064406330648062F062706460020062706440634064506270644064A0647002006280646062D062800200637064A06480631002006270644062C0646064700200643062A064A0631002006480628,2944
2018-02-12 20:50:51,+249929444791,Binary,0637064A06480631003000200633064406270627062706270645002006390645064800200643064A064106430028003200300030002900200643064A064A064A0631002006270634062A0642062A06440643064500200028003700310029002F0020064506440643062900200627064406340627062A0028003500320029,2944
2018-02-12 20:50:59,+249991175464,Binary,0500032B020106270646062700200635062F064A0642062A06430645002006270644062D0627062C06470020063506440627062D0020062D0633064A0646002006390628062F00200627064406420627062F063100200628062D062800200637064A0648063100200628064A064A0628064A002006480628062D064A00200627064806440627062F00200639,2944
2018-02-12 20:51:03,+249991175464,Binary,0500032B02020645062A064A00200631062A0627062C00200648063906450631002006480631062D064A064200200627064406330648062F0627064600200627064406460648064A0644064700200648064406390020062706440634062706340647,2944
2018-02-12 20:56:33,+249926401619,Binary,0627064606270020064506240645064600200645062D0645062F002006270633064506270639064A064400200628062D062800200637064A06480631002006270644062C0646062900200643062A064A064A064A064A06310020,2944
2018-02-12 20:57:38,+249924552575,Binary,06270646062700200631062C0627062100200645064600200627064406330648062F0627064600200628062D062800200637064A0648063100200628064A0628064A00200648064406390020062706330645064A0020,2944
2018-02-12 20:58:35,+249926401619,Binary,0645064600200627064406330648062F062706460020,2944
2018-02-12 21:02:01,+249990608805,Binary,0645063306270621002006270644062E064A0631002006390645064800200643064806430648002006270646062700200631062A0627062C00200645064600200627064406330648062F0627064600200648064406390020062706330645064A00200639064406490020062706440634062706340629,2944
2018-02-12 21:04:36,+249991950583,Binary,062706460627002006450631064A064500200645064600200627064406330648062F0627064600200628062D062806430645,2944
2018-02-12 21:07:38,+249993693481,Binary,0500034702010637064A0648063106270644062C064606290020062706440633064406270645002006390644064A0643064500200627064606270020062A06460632064A064400200645064600200627064406330648062F0627064600200646062D0646002006280646062D06280643064500200643062B064A06310020064806280646062D06280020064A,2944
2018-02-12 21:07:42,+249993693481,Binary,05000347020206270633064A06460020062706440631062C06280020064806450645064306460020062706430648064600200635062F064A0642062A0643064500200648063506440020062A062D064A0627062A064A00200644062806270633064400200648064A06270633064A0646002006480645064806450646002006480634064306310623061F,2944
2018-02-12 21:14:23,+249998251789,Binary,05000302020206480627064A0627062F0020,2944
2018-02-12 21:19:28,+249930763382,Binary,0627064606270020064A0648063306410020064706340627064500200628062D0628002006450627064506270020062F06270644064A0627002006480637064A0648063100200628064A0628064A,2944
2018-02-12 21:21:21,+249920729305,Binary,0623064606270020064406230646064700200627064606270020063506280627062D00200645064600200627064406330648062F0627064600200628062D062800200637064A06480631002006270644062C,2944
2018-02-12 21:47:00,+249922544323,Binary,050003690201062706440633064406270645002006390644064A064306450020064A062700200627063A0644064A00200637064A06480631002006270646062700200645062D0645062F0020063506440627062D002006270644062F064A0646002006330644064A06450627064600200645064600200627064406330648062F0627064600200628062D0628,2944
2018-02-12 21:47:03,+249922544323,Binary,0500036902020643064500200643062A064A06310020002E002E0032003000310035002F00320035002F00310032,2944
2018-02-12 21:49:08,+249922220804,Binary,00200020062706280627062100200648062F06390627062100200645062D0645062F062706440645062F062B063100200645064600200627064406330648062F06270646002006280646062D062800200637064A06480631002006270644062C064606290020062C062F06270020062C062F06270020,2944
2018-02-12 21:50:06,+249923400002,Binary,05000367020206340647002006280623063306450627062606460627,2944
2018-02-12 21:50:11,+249923400002,Binary,05000367020106310633064A06450020002E06310646064A06460020002E0631062806270020002E06450647064A0628002E00200645064600200627064406330648062F0627064600200646062D062800200637064A06480631002006270644062C0646064700200634062F064A064A064A064A064A064A062F002006480644063900200627064406340627,2944
2018-02-12 21:52:43,+249923400002,Binary,0500036802020647002006280623063306450627062606460627,2944
2018-02-12 21:52:51,+249923400002,Binary,05000368020106310633064A06450020002E06310646064A06460020002E0631062806270020002E06450647064A0628002E00200645064600200627064406330648062F0627064600200646062D062800200637064A0648063100200628064A0628064A00200634062F064A064A064A064A064A064A062F0020064806440639002006270644063406270634,2944
2018-02-12 21:53:47,+249998502630,Binary,0627064A064600200637064A064100200627064406320647063106270646064A0020064806390645063100200648062F064A06450647002006480644064A0646,2944
2018-02-12 21:55:42,+249995302335,Binary,062706470644064A06460020062706440623062E062806270631,2944
2018-02-12 22:26:20,+249928832410,Binary,0643064A064106430645002E0637064A0648063106270644062C06460629,2944
2018-02-12 22:26:38,+249924942112,Binary,06450631062D062800200637064A06480631002006270644062C06460647,2944
2018-02-12 23:05:39,+249923336646,Binary,0500031B02020648064506390646064A00200627063306270645064A064606270020,2944
2018-02-12 23:22:33,+249999797487,Binary,062706460627002006460628062300200627062D0645062F00200645064600200627064406330648062F0627064600200628062D062800200637064A0648063100200628064A0628064A00200648064406390020062706440634062706340647,2944
2018-02-12 23:24:47,+249992752790,Binary,06450640063306270621002006270644062E0640064A0631002006390645064806480020002800200032003000300020002900200627064606270020062706450646064A064700200645064600200627064406330648062F06270646,2944
